2017-12-04 22:21:06 | [INFO]    | Discordia 2.2.0
2017-12-04 22:21:06 | [INFO]    | Connecting to Discord...
2017-12-04 22:21:06 | [INFO]    | Authenticated as Plush#0390
2017-12-04 22:21:07 | [INFO]    | Launching shard 0 (1 out of 1)...
2017-12-04 22:21:07 | [INFO]    | Shard 0 : Connected to wss://gateway.discord.gg
2017-12-04 22:21:07 | [INFO]    | Shard 0 : Received HELLO (gateway-prd-main-jrnc)
2017-12-04 22:21:08 | [INFO]    | Shard 0 : Received READY (gateway-prd-main-jrnc, discord-sessions-prd-1-1)
2017-12-04 22:25:09 | [INFO]    | Discordia 2.2.0
2017-12-04 22:25:09 | [INFO]    | Connecting to Discord...
2017-12-04 22:25:09 | [INFO]    | Authenticated as Plush#0390
2017-12-04 22:25:09 | [INFO]    | Launching shard 0 (1 out of 1)...
2017-12-04 22:25:10 | [INFO]    | Shard 0 : Connected to wss://gateway.discord.gg
2017-12-04 22:25:10 | [INFO]    | Shard 0 : Received HELLO (gateway-prd-main-s0b0)
2017-12-04 22:25:10 | [INFO]    | Shard 0 : Received READY (gateway-prd-main-s0b0, discord-sessions-prd-1-9)
2017-12-04 22:25:22 | [INFO]    | Discordia 2.2.0
2017-12-04 22:25:22 | [INFO]    | Connecting to Discord...
2017-12-04 22:25:23 | [INFO]    | Authenticated as Plush#0390
2017-12-04 22:25:23 | [INFO]    | Launching shard 0 (1 out of 1)...
2017-12-04 22:25:23 | [INFO]    | Shard 0 : Connected to wss://gateway.discord.gg
2017-12-04 22:25:23 | [INFO]    | Shard 0 : Received HELLO (gateway-prd-main-pfp3)
2017-12-04 22:25:23 | [INFO]    | Shard 0 : Received READY (gateway-prd-main-pfp3, discord-sessions-prd-1-10)
2017-12-04 22:30:50 | [INFO]    | Discordia 2.2.0
2017-12-04 22:30:50 | [INFO]    | Connecting to Discord...
2017-12-04 22:30:51 | [INFO]    | Authenticated as Plush#0390
2017-12-04 22:30:51 | [INFO]    | Launching shard 0 (1 out of 1)...
2017-12-04 22:30:51 | [INFO]    | Shard 0 : Connected to wss://gateway.discord.gg
2017-12-04 22:30:51 | [INFO]    | Shard 0 : Received HELLO (gateway-prd-main-769n)
2017-12-04 22:30:51 | [INFO]    | Shard 0 : Received READY (gateway-prd-main-769n, discord-sessions-prd-1-1)
2017-12-04 22:30:57 | [ERROR]   | 403 - FORBIDDEN : PATCH https://discordapp.com/api/v7/guilds/356666260878131211/members/173731309120651264
2017-12-04 22:31:25 | [INFO]    | Discordia 2.2.0
2017-12-04 22:31:25 | [INFO]    | Connecting to Discord...
2017-12-04 22:31:25 | [INFO]    | Authenticated as Plush#0390
2017-12-04 22:31:25 | [INFO]    | Launching shard 0 (1 out of 1)...
2017-12-04 22:31:26 | [INFO]    | Shard 0 : Connected to wss://gateway.discord.gg
2017-12-04 22:31:26 | [INFO]    | Shard 0 : Received HELLO (gateway-prd-main-fwph)
2017-12-04 22:31:26 | [INFO]    | Shard 0 : Received READY (gateway-prd-main-fwph, discord-sessions-prd-1-9)
2017-12-04 22:31:30 | [ERROR]   | 403 - FORBIDDEN : PATCH https://discordapp.com/api/v7/guilds/356666260878131211/members/173731309120651264
2017-12-04 22:33:07 | [INFO]    | Discordia 2.2.0
2017-12-04 22:33:07 | [INFO]    | Connecting to Discord...
2017-12-04 22:33:07 | [INFO]    | Authenticated as Plush#0390
2017-12-04 22:33:07 | [INFO]    | Launching shard 0 (1 out of 1)...
2017-12-04 22:33:07 | [INFO]    | Shard 0 : Connected to wss://gateway.discord.gg
2017-12-04 22:33:07 | [INFO]    | Shard 0 : Received HELLO (gateway-prd-main-j0br)
2017-12-04 22:33:07 | [INFO]    | Shard 0 : Received READY (gateway-prd-main-j0br, discord-sessions-prd-1-10)
2017-12-04 22:33:56 | [INFO]    | Discordia 2.2.0
2017-12-04 22:33:56 | [INFO]    | Connecting to Discord...
2017-12-04 22:33:56 | [INFO]    | Authenticated as Plush#0390
2017-12-04 22:33:56 | [INFO]    | Launching shard 0 (1 out of 1)...
2017-12-04 22:33:57 | [INFO]    | Shard 0 : Connected to wss://gateway.discord.gg
2017-12-04 22:33:57 | [INFO]    | Shard 0 : Received HELLO (gateway-prd-main-5jz9)
2017-12-04 22:33:57 | [INFO]    | Shard 0 : Received READY (gateway-prd-main-5jz9, discord-sessions-prd-1-5)
2017-12-04 22:35:31 | [INFO]    | Discordia 2.2.0
2017-12-04 22:35:31 | [INFO]    | Connecting to Discord...
2017-12-04 22:35:32 | [INFO]    | Authenticated as Plush#0390
2017-12-04 22:35:32 | [INFO]    | Launching shard 0 (1 out of 1)...
2017-12-04 22:35:33 | [INFO]    | Shard 0 : Connected to wss://gateway.discord.gg
2017-12-04 22:35:33 | [INFO]    | Shard 0 : Received HELLO (gateway-prd-main-hzwz)
2017-12-04 22:35:33 | [INFO]    | Shard 0 : Received READY (gateway-prd-main-hzwz, discord-sessions-prd-1-16)
2017-12-04 22:36:00 | [INFO]    | Discordia 2.2.0
2017-12-04 22:36:00 | [INFO]    | Connecting to Discord...
2017-12-04 22:36:00 | [INFO]    | Authenticated as Plush#0390
2017-12-04 22:36:00 | [INFO]    | Launching shard 0 (1 out of 1)...
2017-12-04 22:36:00 | [INFO]    | Shard 0 : Connected to wss://gateway.discord.gg
2017-12-04 22:36:00 | [INFO]    | Shard 0 : Received HELLO (gateway-prd-main-hzwz)
2017-12-04 22:36:00 | [INFO]    | Shard 0 : Received READY (gateway-prd-main-hzwz, discord-sessions-prd-1-11)
2017-12-04 22:36:50 | [INFO]    | Discordia 2.2.0
2017-12-04 22:36:50 | [INFO]    | Connecting to Discord...
2017-12-04 22:36:50 | [INFO]    | Authenticated as Plush#0390
2017-12-04 22:36:50 | [INFO]    | Launching shard 0 (1 out of 1)...
2017-12-04 22:36:51 | [INFO]    | Shard 0 : Connected to wss://gateway.discord.gg
2017-12-04 22:36:51 | [INFO]    | Shard 0 : Received HELLO (gateway-prd-main-s0b0)
2017-12-04 22:36:51 | [INFO]    | Shard 0 : Received READY (gateway-prd-main-s0b0, discord-sessions-prd-1-11)
2017-12-04 22:38:03 | [INFO]    | Discordia 2.2.0
2017-12-04 22:38:03 | [INFO]    | Connecting to Discord...
2017-12-04 22:38:03 | [INFO]    | Authenticated as Plush#0390
2017-12-04 22:38:03 | [INFO]    | Launching shard 0 (1 out of 1)...
2017-12-04 22:38:03 | [INFO]    | Shard 0 : Connected to wss://gateway.discord.gg
2017-12-04 22:38:03 | [INFO]    | Shard 0 : Received HELLO (gateway-prd-main-t111)
2017-12-04 22:38:04 | [INFO]    | Shard 0 : Received READY (gateway-prd-main-t111, discord-sessions-prd-1-6)
2017-12-04 22:38:54 | [INFO]    | Discordia 2.2.0
2017-12-04 22:38:54 | [INFO]    | Connecting to Discord...
2017-12-04 22:38:54 | [INFO]    | Authenticated as Plush#0390
2017-12-04 22:38:54 | [INFO]    | Launching shard 0 (1 out of 1)...
2017-12-04 22:38:55 | [INFO]    | Shard 0 : Connected to wss://gateway.discord.gg
2017-12-04 22:38:55 | [INFO]    | Shard 0 : Received HELLO (gateway-prd-main-wk23)
2017-12-04 22:38:55 | [INFO]    | Shard 0 : Received READY (gateway-prd-main-wk23, discord-sessions-prd-1-1)
2017-12-04 22:39:17 | [INFO]    | Discordia 2.2.0
2017-12-04 22:39:17 | [INFO]    | Connecting to Discord...
2017-12-04 22:39:17 | [INFO]    | Authenticated as Plush#0390
2017-12-04 22:39:17 | [INFO]    | Launching shard 0 (1 out of 1)...
2017-12-04 22:39:18 | [INFO]    | Shard 0 : Connected to wss://gateway.discord.gg
2017-12-04 22:39:18 | [INFO]    | Shard 0 : Received HELLO (gateway-prd-main-pfc1)
2017-12-04 22:39:18 | [INFO]    | Shard 0 : Received READY (gateway-prd-main-pfc1, discord-sessions-prd-1-2)
2017-12-04 22:39:58 | [INFO]    | Discordia 2.2.0
2017-12-04 22:39:58 | [INFO]    | Connecting to Discord...
2017-12-04 22:39:58 | [INFO]    | Authenticated as Plush#0390
2017-12-04 22:39:58 | [INFO]    | Launching shard 0 (1 out of 1)...
2017-12-04 22:39:59 | [INFO]    | Shard 0 : Connected to wss://gateway.discord.gg
2017-12-04 22:39:59 | [INFO]    | Shard 0 : Received HELLO (gateway-prd-main-t9jb)
2017-12-04 22:39:59 | [INFO]    | Shard 0 : Received READY (gateway-prd-main-t9jb, discord-sessions-prd-1-4)
2017-12-04 22:41:13 | [INFO]    | Discordia 2.2.0
2017-12-04 22:41:13 | [INFO]    | Connecting to Discord...
2017-12-04 22:41:14 | [INFO]    | Authenticated as Plush#0390
2017-12-04 22:41:14 | [INFO]    | Launching shard 0 (1 out of 1)...
2017-12-04 22:41:14 | [INFO]    | Shard 0 : Connected to wss://gateway.discord.gg
2017-12-04 22:41:14 | [INFO]    | Shard 0 : Received HELLO (gateway-prd-main-mchf)
2017-12-04 22:41:14 | [INFO]    | Shard 0 : Received READY (gateway-prd-main-mchf, discord-sessions-prd-1-8)
2017-12-04 22:41:31 | [INFO]    | Discordia 2.2.0
2017-12-04 22:41:31 | [INFO]    | Connecting to Discord...
2017-12-04 22:41:32 | [INFO]    | Authenticated as Plush#0390
2017-12-04 22:41:32 | [INFO]    | Launching shard 0 (1 out of 1)...
2017-12-04 22:41:32 | [INFO]    | Shard 0 : Connected to wss://gateway.discord.gg
2017-12-04 22:41:32 | [INFO]    | Shard 0 : Received HELLO (gateway-prd-main-5jz9)
2017-12-04 22:41:32 | [INFO]    | Shard 0 : Received READY (gateway-prd-main-5jz9, discord-sessions-prd-1-8)
2017-12-04 22:44:24 | [INFO]    | Discordia 2.2.0
2017-12-04 22:44:24 | [INFO]    | Connecting to Discord...
2017-12-04 22:44:24 | [INFO]    | Authenticated as Plush#0390
2017-12-04 22:44:24 | [INFO]    | Launching shard 0 (1 out of 1)...
2017-12-04 22:44:25 | [INFO]    | Shard 0 : Connected to wss://gateway.discord.gg
2017-12-04 22:44:25 | [INFO]    | Shard 0 : Received HELLO (gateway-prd-main-8kdh)
2017-12-04 22:44:25 | [INFO]    | Shard 0 : Received READY (gateway-prd-main-8kdh, discord-sessions-prd-1-13)
2017-12-04 22:45:09 | [INFO]    | Discordia 2.2.0
2017-12-04 22:45:09 | [INFO]    | Connecting to Discord...
2017-12-04 22:45:09 | [INFO]    | Authenticated as Plush#0390
2017-12-04 22:45:09 | [INFO]    | Launching shard 0 (1 out of 1)...
2017-12-04 22:45:10 | [INFO]    | Shard 0 : Connected to wss://gateway.discord.gg
2017-12-04 22:45:10 | [INFO]    | Shard 0 : Received HELLO (gateway-prd-main-7cr7)
2017-12-04 22:45:10 | [INFO]    | Shard 0 : Received READY (gateway-prd-main-7cr7, discord-sessions-prd-1-7)
2017-12-04 22:45:48 | [INFO]    | Discordia 2.2.0
2017-12-04 22:45:48 | [INFO]    | Connecting to Discord...
2017-12-04 22:45:49 | [INFO]    | Authenticated as Plush#0390
2017-12-04 22:45:49 | [INFO]    | Launching shard 0 (1 out of 1)...
2017-12-04 22:45:49 | [INFO]    | Shard 0 : Connected to wss://gateway.discord.gg
2017-12-04 22:45:49 | [INFO]    | Shard 0 : Received HELLO (gateway-prd-main-fwnh)
2017-12-04 22:45:49 | [INFO]    | Shard 0 : Received READY (gateway-prd-main-fwnh, discord-sessions-prd-1-13)
2017-12-04 22:46:23 | [INFO]    | Discordia 2.2.0
2017-12-04 22:46:23 | [INFO]    | Connecting to Discord...
2017-12-04 22:46:23 | [INFO]    | Authenticated as Plush#0390
2017-12-04 22:46:23 | [INFO]    | Launching shard 0 (1 out of 1)...
2017-12-04 22:46:24 | [INFO]    | Shard 0 : Connected to wss://gateway.discord.gg
2017-12-04 22:46:24 | [INFO]    | Shard 0 : Received HELLO (gateway-prd-main-t9jb)
2017-12-04 22:46:24 | [INFO]    | Shard 0 : Received READY (gateway-prd-main-t9jb, discord-sessions-prd-1-16)
2017-12-04 22:49:23 | [INFO]    | Discordia 2.2.0
2017-12-04 22:49:23 | [INFO]    | Connecting to Discord...
2017-12-04 22:49:24 | [INFO]    | Authenticated as Plush#0390
2017-12-04 22:49:24 | [INFO]    | Launching shard 0 (1 out of 1)...
2017-12-04 22:49:24 | [INFO]    | Shard 0 : Connected to wss://gateway.discord.gg
2017-12-04 22:49:24 | [INFO]    | Shard 0 : Received HELLO (gateway-prd-main-6thm)
2017-12-04 22:49:24 | [INFO]    | Shard 0 : Received READY (gateway-prd-main-6thm, discord-sessions-prd-1-6)
2017-12-04 22:53:00 | [INFO]    | Discordia 2.2.0
2017-12-04 22:53:00 | [INFO]    | Connecting to Discord...
2017-12-04 22:53:00 | [INFO]    | Authenticated as Plush#0390
2017-12-04 22:53:00 | [INFO]    | Launching shard 0 (1 out of 1)...
2017-12-04 22:53:00 | [INFO]    | Shard 0 : Connected to wss://gateway.discord.gg
2017-12-04 22:53:00 | [INFO]    | Shard 0 : Received HELLO (gateway-prd-main-pfc1)
2017-12-04 22:53:00 | [INFO]    | Shard 0 : Received READY (gateway-prd-main-pfc1, discord-sessions-prd-1-1)
2017-12-04 22:53:59 | [INFO]    | Discordia 2.2.0
2017-12-04 22:53:59 | [INFO]    | Connecting to Discord...
2017-12-04 22:53:59 | [INFO]    | Authenticated as Plush#0390
2017-12-04 22:53:59 | [INFO]    | Launching shard 0 (1 out of 1)...
2017-12-04 22:53:59 | [INFO]    | Shard 0 : Connected to wss://gateway.discord.gg
2017-12-04 22:53:59 | [INFO]    | Shard 0 : Received HELLO (gateway-prd-main-zm0f)
2017-12-04 22:54:00 | [INFO]    | Shard 0 : Received READY (gateway-prd-main-zm0f, discord-sessions-prd-1-6)
2017-12-04 22:54:24 | [INFO]    | Discordia 2.2.0
2017-12-04 22:54:24 | [INFO]    | Connecting to Discord...
2017-12-04 22:54:25 | [INFO]    | Authenticated as Plush#0390
2017-12-04 22:54:25 | [INFO]    | Launching shard 0 (1 out of 1)...
2017-12-04 22:54:25 | [INFO]    | Shard 0 : Connected to wss://gateway.discord.gg
2017-12-04 22:54:25 | [INFO]    | Shard 0 : Received HELLO (gateway-prd-main-n8x2)
2017-12-04 22:54:25 | [INFO]    | Shard 0 : Received READY (gateway-prd-main-n8x2, discord-sessions-prd-1-4)
2017-12-04 22:57:55 | [INFO]    | Discordia 2.2.0
2017-12-04 22:57:55 | [INFO]    | Connecting to Discord...
2017-12-04 22:57:56 | [INFO]    | Authenticated as Plush#0390
2017-12-04 22:57:56 | [INFO]    | Launching shard 0 (1 out of 1)...
2017-12-04 22:57:56 | [INFO]    | Shard 0 : Connected to wss://gateway.discord.gg
2017-12-04 22:57:56 | [INFO]    | Shard 0 : Received HELLO (gateway-prd-main-gtjn)
2017-12-04 22:57:57 | [INFO]    | Shard 0 : Received READY (gateway-prd-main-gtjn, discord-sessions-prd-1-5)
2017-12-04 22:58:48 | [INFO]    | Discordia 2.2.0
2017-12-04 22:58:48 | [INFO]    | Connecting to Discord...
2017-12-04 22:58:49 | [INFO]    | Authenticated as Plush#0390
2017-12-04 22:58:49 | [INFO]    | Launching shard 0 (1 out of 1)...
2017-12-04 22:58:49 | [INFO]    | Shard 0 : Connected to wss://gateway.discord.gg
2017-12-04 22:58:49 | [INFO]    | Shard 0 : Received HELLO (gateway-prd-main-fwph)
2017-12-04 22:58:49 | [INFO]    | Shard 0 : Received READY (gateway-prd-main-fwph, discord-sessions-prd-1-7)
2017-12-04 22:59:24 | [INFO]    | Discordia 2.2.0
2017-12-04 22:59:24 | [INFO]    | Connecting to Discord...
2017-12-04 22:59:24 | [INFO]    | Authenticated as Plush#0390
2017-12-04 22:59:24 | [INFO]    | Launching shard 0 (1 out of 1)...
2017-12-04 22:59:25 | [INFO]    | Shard 0 : Connected to wss://gateway.discord.gg
2017-12-04 22:59:25 | [INFO]    | Shard 0 : Received HELLO (gateway-prd-main-j0br)
2017-12-04 22:59:25 | [INFO]    | Shard 0 : Received READY (gateway-prd-main-j0br, discord-sessions-prd-1-14)
2017-12-04 22:59:45 | [INFO]    | Discordia 2.2.0
2017-12-04 22:59:45 | [INFO]    | Connecting to Discord...
2017-12-04 22:59:46 | [INFO]    | Authenticated as Plush#0390
2017-12-04 22:59:46 | [INFO]    | Launching shard 0 (1 out of 1)...
2017-12-04 22:59:46 | [INFO]    | Shard 0 : Connected to wss://gateway.discord.gg
2017-12-04 22:59:46 | [INFO]    | Shard 0 : Received HELLO (gateway-prd-main-v5x4)
2017-12-04 22:59:46 | [INFO]    | Shard 0 : Received READY (gateway-prd-main-v5x4, discord-sessions-prd-1-3)
2017-12-04 23:19:40 | [INFO]    | Discordia 2.2.0
2017-12-04 23:19:40 | [INFO]    | Connecting to Discord...
2017-12-04 23:19:40 | [INFO]    | Authenticated as Plush#0390
2017-12-04 23:19:40 | [INFO]    | Launching shard 0 (1 out of 1)...
2017-12-04 23:19:41 | [INFO]    | Shard 0 : Connected to wss://gateway.discord.gg
2017-12-04 23:19:41 | [INFO]    | Shard 0 : Received HELLO (gateway-prd-main-58sf)
2017-12-04 23:19:41 | [INFO]    | Shard 0 : Received READY (gateway-prd-main-58sf, discord-sessions-prd-1-6)
2017-12-04 23:20:08 | [INFO]    | Discordia 2.2.0
2017-12-04 23:20:08 | [INFO]    | Connecting to Discord...
2017-12-04 23:20:09 | [INFO]    | Authenticated as Plush#0390
2017-12-04 23:20:09 | [INFO]    | Launching shard 0 (1 out of 1)...
2017-12-04 23:20:09 | [INFO]    | Shard 0 : Connected to wss://gateway.discord.gg
2017-12-04 23:20:09 | [INFO]    | Shard 0 : Received HELLO (gateway-prd-main-2zbn)
2017-12-04 23:20:09 | [INFO]    | Shard 0 : Received READY (gateway-prd-main-2zbn, discord-sessions-prd-1-15)
2017-12-04 23:20:38 | [INFO]    | Discordia 2.2.0
2017-12-04 23:20:38 | [INFO]    | Connecting to Discord...
2017-12-04 23:20:38 | [INFO]    | Authenticated as Plush#0390
2017-12-04 23:20:38 | [INFO]    | Launching shard 0 (1 out of 1)...
2017-12-04 23:20:38 | [INFO]    | Shard 0 : Connected to wss://gateway.discord.gg
2017-12-04 23:20:38 | [INFO]    | Shard 0 : Received HELLO (gateway-prd-main-v5x4)
2017-12-04 23:20:39 | [INFO]    | Shard 0 : Received READY (gateway-prd-main-v5x4, discord-sessions-prd-1-14)
2017-12-04 23:31:15 | [INFO]    | Discordia 2.2.0
2017-12-04 23:31:15 | [INFO]    | Connecting to Discord...
2017-12-04 23:31:15 | [INFO]    | Authenticated as Plush#0390
2017-12-04 23:31:16 | [INFO]    | Launching shard 0 (1 out of 1)...
2017-12-04 23:31:16 | [INFO]    | Shard 0 : Connected to wss://gateway.discord.gg
2017-12-04 23:31:16 | [INFO]    | Shard 0 : Received HELLO (gateway-prd-main-s0b0)
2017-12-04 23:31:16 | [INFO]    | Shard 0 : Received READY (gateway-prd-main-s0b0, discord-sessions-prd-1-14)
2017-12-04 23:32:25 | [INFO]    | Discordia 2.2.0
2017-12-04 23:32:25 | [INFO]    | Connecting to Discord...
2017-12-04 23:32:26 | [INFO]    | Authenticated as Plush#0390
2017-12-04 23:32:26 | [INFO]    | Launching shard 0 (1 out of 1)...
2017-12-04 23:32:26 | [INFO]    | Shard 0 : Connected to wss://gateway.discord.gg
2017-12-04 23:32:26 | [INFO]    | Shard 0 : Received HELLO (gateway-prd-main-sgsg)
2017-12-04 23:32:26 | [INFO]    | Shard 0 : Received READY (gateway-prd-main-sgsg, discord-sessions-prd-1-3)
2017-12-04 23:33:01 | [INFO]    | Discordia 2.2.0
2017-12-04 23:33:01 | [INFO]    | Connecting to Discord...
2017-12-04 23:33:01 | [INFO]    | Authenticated as Plush#0390
2017-12-04 23:33:01 | [INFO]    | Launching shard 0 (1 out of 1)...
2017-12-04 23:33:01 | [INFO]    | Shard 0 : Connected to wss://gateway.discord.gg
2017-12-04 23:33:01 | [INFO]    | Shard 0 : Received HELLO (gateway-prd-main-pfvz)
2017-12-04 23:33:02 | [INFO]    | Shard 0 : Received READY (gateway-prd-main-pfvz, discord-sessions-prd-1-10)
2017-12-04 23:34:37 | [INFO]    | Discordia 2.2.0
2017-12-04 23:34:37 | [INFO]    | Connecting to Discord...
2017-12-04 23:34:37 | [INFO]    | Authenticated as Plush#0390
2017-12-04 23:34:37 | [INFO]    | Launching shard 0 (1 out of 1)...
2017-12-04 23:34:37 | [INFO]    | Shard 0 : Connected to wss://gateway.discord.gg
2017-12-04 23:34:37 | [INFO]    | Shard 0 : Received HELLO (gateway-prd-main-hzwz)
2017-12-04 23:34:38 | [INFO]    | Shard 0 : Received READY (gateway-prd-main-hzwz, discord-sessions-prd-1-7)
2017-12-04 23:35:03 | [INFO]    | Discordia 2.2.0
2017-12-04 23:35:03 | [INFO]    | Connecting to Discord...
2017-12-04 23:35:03 | [INFO]    | Authenticated as Plush#0390
2017-12-04 23:35:03 | [INFO]    | Launching shard 0 (1 out of 1)...
2017-12-04 23:35:04 | [INFO]    | Shard 0 : Connected to wss://gateway.discord.gg
2017-12-04 23:35:04 | [INFO]    | Shard 0 : Received HELLO (gateway-prd-main-ls83)
2017-12-04 23:35:04 | [INFO]    | Shard 0 : Received READY (gateway-prd-main-ls83, discord-sessions-prd-1-5)
2017-12-04 23:36:38 | [INFO]    | Discordia 2.2.0
2017-12-04 23:36:38 | [INFO]    | Connecting to Discord...
2017-12-04 23:36:38 | [INFO]    | Authenticated as Plush#0390
2017-12-04 23:36:38 | [INFO]    | Launching shard 0 (1 out of 1)...
2017-12-04 23:36:39 | [INFO]    | Shard 0 : Connected to wss://gateway.discord.gg
2017-12-04 23:36:39 | [INFO]    | Shard 0 : Received HELLO (gateway-prd-main-t111)
2017-12-04 23:36:39 | [INFO]    | Shard 0 : Received READY (gateway-prd-main-t111, discord-sessions-prd-1-8)
2017-12-04 23:37:31 | [INFO]    | Discordia 2.2.0
2017-12-04 23:37:31 | [INFO]    | Connecting to Discord...
2017-12-04 23:37:31 | [INFO]    | Authenticated as Plush#0390
2017-12-04 23:37:31 | [INFO]    | Launching shard 0 (1 out of 1)...
2017-12-04 23:37:32 | [INFO]    | Shard 0 : Connected to wss://gateway.discord.gg
2017-12-04 23:37:32 | [INFO]    | Shard 0 : Received HELLO (gateway-prd-main-gtjn)
2017-12-04 23:37:32 | [INFO]    | Shard 0 : Received READY (gateway-prd-main-gtjn, discord-sessions-prd-1-14)
2017-12-04 23:40:10 | [INFO]    | Discordia 2.2.0
2017-12-04 23:40:10 | [INFO]    | Connecting to Discord...
2017-12-04 23:40:10 | [INFO]    | Authenticated as Plush#0390
2017-12-04 23:40:10 | [INFO]    | Launching shard 0 (1 out of 1)...
2017-12-04 23:40:11 | [INFO]    | Shard 0 : Connected to wss://gateway.discord.gg
2017-12-04 23:40:11 | [INFO]    | Shard 0 : Received HELLO (gateway-prd-main-qmd7)
2017-12-04 23:40:11 | [INFO]    | Shard 0 : Received READY (gateway-prd-main-qmd7, discord-sessions-prd-1-14)
2017-12-04 23:48:55 | [INFO]    | Discordia 2.2.0
2017-12-04 23:48:55 | [INFO]    | Connecting to Discord...
2017-12-04 23:48:55 | [INFO]    | Authenticated as Plush#0390
2017-12-04 23:48:55 | [INFO]    | Launching shard 0 (1 out of 1)...
2017-12-04 23:48:56 | [INFO]    | Shard 0 : Connected to wss://gateway.discord.gg
2017-12-04 23:48:56 | [INFO]    | Shard 0 : Received HELLO (gateway-prd-main-6thm)
2017-12-04 23:48:56 | [INFO]    | Shard 0 : Received READY (gateway-prd-main-6thm, discord-sessions-prd-1-15)
2017-12-04 23:49:37 | [INFO]    | Discordia 2.2.0
2017-12-04 23:49:37 | [INFO]    | Connecting to Discord...
2017-12-04 23:49:38 | [INFO]    | Authenticated as Plush#0390
2017-12-04 23:49:38 | [INFO]    | Launching shard 0 (1 out of 1)...
2017-12-04 23:49:38 | [INFO]    | Shard 0 : Connected to wss://gateway.discord.gg
2017-12-04 23:49:38 | [INFO]    | Shard 0 : Received HELLO (gateway-prd-main-bgx4)
2017-12-04 23:49:38 | [INFO]    | Shard 0 : Received READY (gateway-prd-main-bgx4, discord-sessions-prd-1-7)
2017-12-04 23:50:09 | [INFO]    | Discordia 2.2.0
2017-12-04 23:50:09 | [INFO]    | Connecting to Discord...
2017-12-04 23:50:09 | [INFO]    | Authenticated as Plush#0390
2017-12-04 23:50:09 | [INFO]    | Launching shard 0 (1 out of 1)...
2017-12-04 23:50:10 | [INFO]    | Shard 0 : Connected to wss://gateway.discord.gg
2017-12-04 23:50:10 | [INFO]    | Shard 0 : Received HELLO (gateway-prd-main-p1np)
2017-12-04 23:50:10 | [INFO]    | Shard 0 : Received READY (gateway-prd-main-p1np, discord-sessions-prd-1-13)
2017-12-04 23:51:42 | [INFO]    | Discordia 2.2.0
2017-12-04 23:51:42 | [INFO]    | Connecting to Discord...
2017-12-04 23:51:42 | [INFO]    | Authenticated as Plush#0390
2017-12-04 23:51:42 | [INFO]    | Launching shard 0 (1 out of 1)...
2017-12-04 23:51:42 | [INFO]    | Shard 0 : Connected to wss://gateway.discord.gg
2017-12-04 23:51:42 | [INFO]    | Shard 0 : Received HELLO (gateway-prd-main-pfc1)
2017-12-04 23:51:43 | [INFO]    | Shard 0 : Received READY (gateway-prd-main-pfc1, discord-sessions-prd-1-1)
2017-12-04 23:57:07 | [INFO]    | Discordia 2.2.0
2017-12-04 23:57:07 | [INFO]    | Connecting to Discord...
2017-12-04 23:57:08 | [INFO]    | Authenticated as Plush#0390
2017-12-04 23:57:08 | [INFO]    | Launching shard 0 (1 out of 1)...
2017-12-04 23:57:08 | [INFO]    | Shard 0 : Connected to wss://gateway.discord.gg
2017-12-04 23:57:08 | [INFO]    | Shard 0 : Received HELLO (gateway-prd-main-xd9x)
2017-12-04 23:57:08 | [INFO]    | Shard 0 : Received READY (gateway-prd-main-xd9x, discord-sessions-prd-1-1)
2017-12-04 23:59:35 | [INFO]    | Discordia 2.2.0
2017-12-04 23:59:35 | [INFO]    | Connecting to Discord...
2017-12-04 23:59:35 | [INFO]    | Authenticated as Plush#0390
2017-12-04 23:59:35 | [INFO]    | Launching shard 0 (1 out of 1)...
2017-12-04 23:59:36 | [INFO]    | Shard 0 : Connected to wss://gateway.discord.gg
2017-12-04 23:59:36 | [INFO]    | Shard 0 : Received HELLO (gateway-prd-main-v5x4)
2017-12-04 23:59:36 | [INFO]    | Shard 0 : Received READY (gateway-prd-main-v5x4, discord-sessions-prd-1-4)
2017-12-05 00:00:04 | [INFO]    | Discordia 2.2.0
2017-12-05 00:00:04 | [INFO]    | Connecting to Discord...
2017-12-05 00:00:04 | [INFO]    | Authenticated as Plush#0390
2017-12-05 00:00:04 | [INFO]    | Launching shard 0 (1 out of 1)...
2017-12-05 00:00:05 | [INFO]    | Shard 0 : Connected to wss://gateway.discord.gg
2017-12-05 00:00:05 | [INFO]    | Shard 0 : Received HELLO (gateway-prd-main-6jbp)
2017-12-05 00:00:06 | [INFO]    | Shard 0 : Received READY (gateway-prd-main-6jbp, discord-sessions-prd-1-16)
2017-12-05 00:00:53 | [INFO]    | Discordia 2.2.0
2017-12-05 00:00:53 | [INFO]    | Connecting to Discord...
2017-12-05 00:00:54 | [INFO]    | Authenticated as Plush#0390
2017-12-05 00:00:54 | [INFO]    | Launching shard 0 (1 out of 1)...
2017-12-05 00:00:54 | [INFO]    | Shard 0 : Connected to wss://gateway.discord.gg
2017-12-05 00:00:54 | [INFO]    | Shard 0 : Received HELLO (gateway-prd-main-fwph)
2017-12-05 00:00:54 | [INFO]    | Shard 0 : Received READY (gateway-prd-main-fwph, discord-sessions-prd-1-6)
2017-12-05 00:01:41 | [INFO]    | Discordia 2.2.0
2017-12-05 00:01:41 | [INFO]    | Connecting to Discord...
2017-12-05 00:01:41 | [INFO]    | Authenticated as Plush#0390
2017-12-05 00:01:41 | [INFO]    | Launching shard 0 (1 out of 1)...
2017-12-05 00:01:41 | [INFO]    | Shard 0 : Connected to wss://gateway.discord.gg
2017-12-05 00:01:41 | [INFO]    | Shard 0 : Received HELLO (gateway-prd-main-mchf)
2017-12-05 00:01:42 | [INFO]    | Shard 0 : Received READY (gateway-prd-main-mchf, discord-sessions-prd-1-6)
2017-12-05 00:02:34 | [INFO]    | Discordia 2.2.0
2017-12-05 00:02:34 | [INFO]    | Connecting to Discord...
2017-12-05 00:02:34 | [INFO]    | Authenticated as Plush#0390
2017-12-05 00:02:34 | [INFO]    | Launching shard 0 (1 out of 1)...
2017-12-05 00:02:34 | [INFO]    | Shard 0 : Connected to wss://gateway.discord.gg
2017-12-05 00:02:34 | [INFO]    | Shard 0 : Received HELLO (gateway-prd-main-hzwz)
2017-12-05 00:02:35 | [INFO]    | Shard 0 : Received READY (gateway-prd-main-hzwz, discord-sessions-prd-1-2)
2017-12-05 00:05:48 | [INFO]    | Discordia 2.2.0
2017-12-05 00:05:48 | [INFO]    | Connecting to Discord...
2017-12-05 00:05:49 | [INFO]    | Authenticated as Plush#0390
2017-12-05 00:05:49 | [INFO]    | Launching shard 0 (1 out of 1)...
2017-12-05 00:05:49 | [INFO]    | Shard 0 : Connected to wss://gateway.discord.gg
2017-12-05 00:05:49 | [INFO]    | Shard 0 : Received HELLO (gateway-prd-main-pfvz)
2017-12-05 00:05:49 | [INFO]    | Shard 0 : Received READY (gateway-prd-main-pfvz, discord-sessions-prd-1-12)
2017-12-05 00:09:13 | [INFO]    | Discordia 2.2.0
2017-12-05 00:09:13 | [INFO]    | Connecting to Discord...
2017-12-05 00:09:13 | [INFO]    | Authenticated as Plush#0390
2017-12-05 00:09:13 | [INFO]    | Launching shard 0 (1 out of 1)...
2017-12-05 00:09:14 | [INFO]    | Shard 0 : Connected to wss://gateway.discord.gg
2017-12-05 00:09:14 | [INFO]    | Shard 0 : Received HELLO (gateway-prd-main-pfp3)
2017-12-05 00:09:14 | [INFO]    | Shard 0 : Received READY (gateway-prd-main-pfp3, discord-sessions-prd-1-5)
2017-12-05 00:11:40 | [INFO]    | Discordia 2.2.0
2017-12-05 00:11:40 | [INFO]    | Connecting to Discord...
2017-12-05 00:11:40 | [INFO]    | Authenticated as Plush#0390
2017-12-05 00:11:40 | [INFO]    | Launching shard 0 (1 out of 1)...
2017-12-05 00:11:41 | [INFO]    | Shard 0 : Connected to wss://gateway.discord.gg
2017-12-05 00:11:41 | [INFO]    | Shard 0 : Received HELLO (gateway-prd-main-xqlf)
2017-12-05 00:11:41 | [INFO]    | Shard 0 : Received READY (gateway-prd-main-xqlf, discord-sessions-prd-1-13)
2017-12-05 00:13:36 | [INFO]    | Discordia 2.2.0
2017-12-05 00:13:36 | [INFO]    | Connecting to Discord...
2017-12-05 00:13:36 | [INFO]    | Authenticated as Plush#0390
2017-12-05 00:13:36 | [INFO]    | Launching shard 0 (1 out of 1)...
2017-12-05 00:13:36 | [INFO]    | Shard 0 : Connected to wss://gateway.discord.gg
2017-12-05 00:13:36 | [INFO]    | Shard 0 : Received HELLO (gateway-prd-main-5jz9)
2017-12-05 00:13:37 | [INFO]    | Shard 0 : Received READY (gateway-prd-main-5jz9, discord-sessions-prd-1-16)
2017-12-05 00:26:28 | [INFO]    | Discordia 2.2.0
2017-12-05 00:26:28 | [INFO]    | Connecting to Discord...
2017-12-05 00:26:28 | [INFO]    | Authenticated as Plush#0390
2017-12-05 00:26:28 | [INFO]    | Launching shard 0 (1 out of 1)...
2017-12-05 00:26:29 | [INFO]    | Shard 0 : Connected to wss://gateway.discord.gg
2017-12-05 00:26:29 | [INFO]    | Shard 0 : Received HELLO (gateway-prd-main-zm0f)
2017-12-05 00:26:29 | [INFO]    | Shard 0 : Received READY (gateway-prd-main-zm0f, discord-sessions-prd-1-3)
2017-12-05 00:27:27 | [INFO]    | Discordia 2.2.0
2017-12-05 00:27:27 | [INFO]    | Connecting to Discord...
2017-12-05 00:27:27 | [INFO]    | Authenticated as Plush#0390
2017-12-05 00:27:27 | [INFO]    | Launching shard 0 (1 out of 1)...
2017-12-05 00:27:28 | [INFO]    | Shard 0 : Connected to wss://gateway.discord.gg
2017-12-05 00:27:28 | [INFO]    | Shard 0 : Received HELLO (gateway-prd-main-pfc1)
2017-12-05 00:27:28 | [INFO]    | Shard 0 : Received READY (gateway-prd-main-pfc1, discord-sessions-prd-1-2)
2017-12-05 00:30:45 | [INFO]    | Discordia 2.2.0
2017-12-05 00:30:45 | [INFO]    | Connecting to Discord...
2017-12-05 00:30:46 | [INFO]    | Authenticated as Plush#0390
2017-12-05 00:30:46 | [INFO]    | Launching shard 0 (1 out of 1)...
2017-12-05 00:30:46 | [INFO]    | Shard 0 : Connected to wss://gateway.discord.gg
2017-12-05 00:30:46 | [INFO]    | Shard 0 : Received HELLO (gateway-prd-main-jpg4)
2017-12-05 00:30:46 | [INFO]    | Shard 0 : Received READY (gateway-prd-main-jpg4, discord-sessions-prd-1-10)
2017-12-05 00:35:46 | [INFO]    | Discordia 2.2.0
2017-12-05 00:35:46 | [INFO]    | Connecting to Discord...
2017-12-05 00:35:47 | [INFO]    | Authenticated as Plush#0390
2017-12-05 00:35:47 | [INFO]    | Launching shard 0 (1 out of 1)...
2017-12-05 00:35:47 | [INFO]    | Shard 0 : Connected to wss://gateway.discord.gg
2017-12-05 00:35:47 | [INFO]    | Shard 0 : Received HELLO (gateway-prd-main-5jz9)
2017-12-05 00:35:48 | [INFO]    | Shard 0 : Received READY (gateway-prd-main-5jz9, discord-sessions-prd-1-5)
2017-12-05 00:36:49 | [INFO]    | Discordia 2.2.0
2017-12-05 00:36:49 | [INFO]    | Connecting to Discord...
2017-12-05 00:36:50 | [INFO]    | Authenticated as Plush#0390
2017-12-05 00:36:50 | [INFO]    | Launching shard 0 (1 out of 1)...
2017-12-05 00:36:50 | [INFO]    | Shard 0 : Connected to wss://gateway.discord.gg
2017-12-05 00:36:50 | [INFO]    | Shard 0 : Received HELLO (gateway-prd-main-7cr7)
2017-12-05 00:36:50 | [INFO]    | Shard 0 : Received READY (gateway-prd-main-7cr7, discord-sessions-prd-1-13)
2017-12-05 00:37:32 | [INFO]    | Discordia 2.2.0
2017-12-05 00:37:32 | [INFO]    | Connecting to Discord...
2017-12-05 00:37:32 | [INFO]    | Authenticated as Plush#0390
2017-12-05 00:37:32 | [INFO]    | Launching shard 0 (1 out of 1)...
2017-12-05 00:37:33 | [INFO]    | Shard 0 : Connected to wss://gateway.discord.gg
2017-12-05 00:37:33 | [INFO]    | Shard 0 : Received HELLO (gateway-prd-main-v5x4)
2017-12-05 00:37:33 | [INFO]    | Shard 0 : Received READY (gateway-prd-main-v5x4, discord-sessions-prd-1-9)
2017-12-05 00:38:39 | [INFO]    | Discordia 2.2.0
2017-12-05 00:38:39 | [INFO]    | Connecting to Discord...
2017-12-05 00:38:39 | [INFO]    | Authenticated as Plush#0390
2017-12-05 00:38:39 | [INFO]    | Launching shard 0 (1 out of 1)...
2017-12-05 00:38:39 | [INFO]    | Shard 0 : Connected to wss://gateway.discord.gg
2017-12-05 00:38:39 | [INFO]    | Shard 0 : Received HELLO (gateway-prd-main-l0p3)
2017-12-05 00:38:40 | [INFO]    | Shard 0 : Received READY (gateway-prd-main-l0p3, discord-sessions-prd-1-10)
2017-12-05 00:40:31 | [INFO]    | Discordia 2.2.0
2017-12-05 00:40:31 | [INFO]    | Connecting to Discord...
2017-12-05 00:40:31 | [INFO]    | Authenticated as Plush#0390
2017-12-05 00:40:31 | [INFO]    | Launching shard 0 (1 out of 1)...
2017-12-05 00:40:31 | [INFO]    | Shard 0 : Connected to wss://gateway.discord.gg
2017-12-05 00:40:31 | [INFO]    | Shard 0 : Received HELLO (gateway-prd-main-2n5h)
2017-12-05 00:40:32 | [INFO]    | Shard 0 : Received READY (gateway-prd-main-2n5h, discord-sessions-prd-1-1)
2017-12-05 00:46:00 | [INFO]    | Discordia 2.2.0
2017-12-05 00:46:00 | [INFO]    | Connecting to Discord...
2017-12-05 00:46:01 | [INFO]    | Authenticated as Plush#0390
2017-12-05 00:46:01 | [INFO]    | Launching shard 0 (1 out of 1)...
2017-12-05 00:46:01 | [INFO]    | Shard 0 : Connected to wss://gateway.discord.gg
2017-12-05 00:46:01 | [INFO]    | Shard 0 : Received HELLO (gateway-prd-main-xqlf)
2017-12-05 00:46:01 | [INFO]    | Shard 0 : Received READY (gateway-prd-main-xqlf, discord-sessions-prd-1-6)
2017-12-05 00:47:26 | [INFO]    | Discordia 2.2.0
2017-12-05 00:47:26 | [INFO]    | Connecting to Discord...
2017-12-05 00:47:26 | [INFO]    | Authenticated as Plush#0390
2017-12-05 00:47:26 | [INFO]    | Launching shard 0 (1 out of 1)...
2017-12-05 00:47:26 | [INFO]    | Shard 0 : Connected to wss://gateway.discord.gg
2017-12-05 00:47:26 | [INFO]    | Shard 0 : Received HELLO (gateway-prd-main-wk23)
2017-12-05 00:47:26 | [INFO]    | Shard 0 : Received READY (gateway-prd-main-wk23, discord-sessions-prd-1-1)
2017-12-05 00:47:40 | [INFO]    | Discordia 2.2.0
2017-12-05 00:47:40 | [INFO]    | Connecting to Discord...
2017-12-05 00:47:40 | [INFO]    | Authenticated as Plush#0390
2017-12-05 00:47:40 | [INFO]    | Launching shard 0 (1 out of 1)...
2017-12-05 00:47:40 | [INFO]    | Shard 0 : Connected to wss://gateway.discord.gg
2017-12-05 00:47:40 | [INFO]    | Shard 0 : Received HELLO (gateway-prd-main-jrnc)
2017-12-05 00:47:40 | [INFO]    | Shard 0 : Received READY (gateway-prd-main-jrnc, discord-sessions-prd-1-4)
2017-12-05 00:50:41 | [INFO]    | Discordia 2.2.0
2017-12-05 00:50:41 | [INFO]    | Connecting to Discord...
2017-12-05 00:50:41 | [INFO]    | Authenticated as Plush#0390
2017-12-05 00:50:41 | [INFO]    | Launching shard 0 (1 out of 1)...
2017-12-05 00:50:42 | [INFO]    | Shard 0 : Connected to wss://gateway.discord.gg
2017-12-05 00:50:42 | [INFO]    | Shard 0 : Received HELLO (gateway-prd-main-xd9x)
2017-12-05 00:50:42 | [INFO]    | Shard 0 : Received READY (gateway-prd-main-xd9x, discord-sessions-prd-1-6)
2017-12-05 00:55:21 | [INFO]    | Discordia 2.2.0
2017-12-05 00:55:21 | [INFO]    | Connecting to Discord...
2017-12-05 00:55:21 | [INFO]    | Authenticated as Plush#0390
2017-12-05 00:55:21 | [INFO]    | Launching shard 0 (1 out of 1)...
2017-12-05 00:55:22 | [INFO]    | Shard 0 : Connected to wss://gateway.discord.gg
2017-12-05 00:55:22 | [INFO]    | Shard 0 : Received HELLO (gateway-prd-main-n853)
2017-12-05 00:55:22 | [INFO]    | Shard 0 : Received READY (gateway-prd-main-n853, discord-sessions-prd-1-1)
2017-12-05 03:38:58 | [INFO]    | Shard 0 : Disconnected
2017-12-05 03:38:58 | [INFO]    | Shard 0 : Reconnecting after 930 ms...
2017-12-05 03:38:59 | [INFO]    | Shard 0 : Connected to wss://gateway.discord.gg
2017-12-05 03:38:59 | [INFO]    | Shard 0 : Received HELLO (gateway-prd-main-8kdh)
2017-12-05 03:38:59 | [INFO]    | Shard 0 : Received RESUMED (gateway-prd-main-8kdh, discord-sessions-prd-1-1)
2017-12-05 07:02:59 | [INFO]    | Shard 0 : Disconnected
2017-12-05 07:02:59 | [INFO]    | Shard 0 : Reconnecting after 1026 ms...
2017-12-05 07:03:00 | [INFO]    | Shard 0 : Connected to wss://gateway.discord.gg
2017-12-05 07:03:00 | [INFO]    | Shard 0 : Received HELLO (gateway-prd-main-527n)
2017-12-05 07:03:00 | [INFO]    | Shard 0 : Received RESUMED (gateway-prd-main-527n, discord-sessions-prd-1-1)
2017-12-05 08:34:15 | [INFO]    | Discordia 2.2.0
2017-12-05 08:34:15 | [INFO]    | Connecting to Discord...
2017-12-05 08:34:15 | [INFO]    | Authenticated as Plush#0390
2017-12-05 08:34:16 | [INFO]    | Launching shard 0 (1 out of 1)...
2017-12-05 08:34:16 | [INFO]    | Shard 0 : Connected to wss://gateway.discord.gg
2017-12-05 08:34:16 | [INFO]    | Shard 0 : Received HELLO (gateway-prd-main-qmjm)
2017-12-05 08:34:16 | [INFO]    | Shard 0 : Received READY (gateway-prd-main-qmjm, discord-sessions-prd-1-3)
2017-12-05 08:38:55 | [INFO]    | Discordia 2.2.0
2017-12-05 08:38:55 | [INFO]    | Connecting to Discord...
2017-12-05 08:38:55 | [INFO]    | Authenticated as Plush#0390
2017-12-05 08:38:55 | [INFO]    | Launching shard 0 (1 out of 1)...
2017-12-05 08:38:56 | [INFO]    | Shard 0 : Connected to wss://gateway.discord.gg
2017-12-05 08:38:56 | [INFO]    | Shard 0 : Received HELLO (gateway-prd-main-lp98)
2017-12-05 08:38:56 | [INFO]    | Shard 0 : Received READY (gateway-prd-main-lp98, discord-sessions-prd-1-5)
2017-12-05 08:39:35 | [INFO]    | Discordia 2.2.0
2017-12-05 08:39:35 | [INFO]    | Connecting to Discord...
2017-12-05 08:39:35 | [INFO]    | Authenticated as Plush#0390
2017-12-05 08:39:35 | [INFO]    | Launching shard 0 (1 out of 1)...
2017-12-05 08:39:35 | [INFO]    | Shard 0 : Connected to wss://gateway.discord.gg
2017-12-05 08:39:35 | [INFO]    | Shard 0 : Received HELLO (gateway-prd-main-9842)
2017-12-05 08:39:36 | [INFO]    | Shard 0 : Received READY (gateway-prd-main-9842, discord-sessions-prd-1-8)
2017-12-05 18:31:40 | [INFO]    | Discordia 2.2.0
2017-12-05 18:31:40 | [INFO]    | Connecting to Discord...
2017-12-05 18:31:41 | [INFO]    | Authenticated as Plush#0390
2017-12-05 18:31:41 | [INFO]    | Launching shard 0 (1 out of 1)...
2017-12-05 18:31:41 | [INFO]    | Shard 0 : Connected to wss://gateway.discord.gg
2017-12-05 18:31:41 | [INFO]    | Shard 0 : Received HELLO (gateway-prd-main-3q62)
2017-12-05 18:31:41 | [INFO]    | Shard 0 : Received READY (gateway-prd-main-3q62, discord-sessions-prd-1-2)
